2025-04-03 10:48:05 - [main] - INFO - o.s.t.c.s.AnnotationConfigContextLoaderUtils - Could not detect default configuration classes for test class [com.buddhaditya.userauth.LoginApplicationTests]: LoginApplicationTests does not declare any static, non-private, non-final, nested classes annotated with @Configuration.
2025-04-03 10:48:05 - [main] - INFO - o.s.b.t.c.SpringBootTestContextBootstrapper - Found @SpringBootConfiguration com.buddhaditya.userauth.LoginApplication for test class com.buddhaditya.userauth.LoginApplicationTests
2025-04-03 10:48:06 - [main] - INFO - c.b.userauth.LoginApplicationTests - Starting LoginApplicationTests using Java 17.0.14 with PID 14016 (started by lenovo in C:\Users\lenovo\Desktop\MyProjects\login)
2025-04-03 10:48:06 - [main] - DEBUG - c.b.userauth.LoginApplicationTests - Running with Spring Boot v3.4.4, Spring v6.2.5
2025-04-03 10:48:06 - [main] - INFO - c.b.userauth.LoginApplicationTests - No active profile set, falling back to 1 default profile: "default"
2025-04-03 10:48:08 - [main] - INFO - o.s.d.r.c.RepositoryConfigurationDelegate - Bootstrapping Spring Data JPA repositories in DEFAULT mode.
2025-04-03 10:48:08 - [main] - INFO - o.s.d.r.c.RepositoryConfigurationDelegate - Finished Spring Data repository scanning in 135 ms. Found 2 JPA repository interfaces.
2025-04-03 10:48:09 - [main] - INFO - o.h.jpa.internal.util.LogHelper - HHH000204: Processing PersistenceUnitInfo [name: default]
2025-04-03 10:48:09 - [main] - INFO - org.hibernate.Version - HHH000412: Hibernate ORM core version 6.6.11.Final
2025-04-03 10:48:09 - [main] - INFO - o.h.c.i.RegionFactoryInitiator - HHH000026: Second-level cache disabled
2025-04-03 10:48:10 - [main] - INFO - o.s.o.j.p.SpringPersistenceUnitInfo - No LoadTimeWeaver setup: ignoring JPA class transformer
2025-04-03 10:48:10 - [main] - INFO - com.zaxxer.hikari.HikariDataSource - HikariPool-1 - Starting...
2025-04-03 10:48:11 - [main] - INFO - com.zaxxer.hikari.pool.HikariPool - HikariPool-1 - Added connection com.mysql.cj.jdbc.ConnectionImpl@7fb44737
2025-04-03 10:48:11 - [main] - INFO - com.zaxxer.hikari.HikariDataSource - HikariPool-1 - Start completed.
2025-04-03 10:48:11 - [main] - WARN - org.hibernate.orm.deprecation - HHH90000025: MySQL8Dialect does not need to be specified explicitly using 'hibernate.dialect' (remove the property setting and it will be selected by default)
2025-04-03 10:48:11 - [main] - WARN - org.hibernate.orm.deprecation - HHH90000026: MySQL8Dialect has been deprecated; use org.hibernate.dialect.MySQLDialect instead
2025-04-03 10:48:11 - [main] - INFO - o.hibernate.orm.connections.pooling - HHH10001005: Database info:
	Database JDBC URL [Connecting through datasource 'HikariDataSource (HikariPool-1)']
	Database driver: undefined/unknown
	Database version: 8.0
	Autocommit mode: undefined/unknown
	Isolation level: undefined/unknown
	Minimum pool size: undefined/unknown
	Maximum pool size: undefined/unknown
2025-04-03 10:48:13 - [main] - INFO - o.h.e.t.j.p.i.JtaPlatformInitiator - HHH000489: No JTA platform available (set 'hibernate.transaction.jta.platform' to enable JTA platform integration)
2025-04-03 10:48:14 - [main] - INFO - o.s.o.j.LocalContainerEntityManagerFactoryBean - Initialized JPA EntityManagerFactory for persistence unit 'default'
2025-04-03 10:48:15 - [main] - INFO - c.b.userauth.utils.LoggerUtil - Initializing Password Encoder (BCrypt)
2025-04-03 10:48:15 - [main] - WARN - o.s.b.a.o.j.JpaBaseConfiguration$JpaWebConfiguration - spring.jpa.open-in-view is enabled by default. Therefore, database queries may be performed during view rendering. Explicitly configure spring.jpa.open-in-view to disable this warning
2025-04-03 10:48:15 - [main] - INFO - o.s.s.c.a.a.c.InitializeUserDetailsBeanManagerConfigurer$InitializeUserDetailsManagerConfigurer - Global AuthenticationManager configured with UserDetailsService bean with name customUserDetailsService
2025-04-03 10:48:15 - [main] - INFO - c.b.userauth.utils.LoggerUtil - Configuring security filter chain
2025-04-03 10:48:16 - [main] - INFO - c.b.userauth.LoginApplicationTests - Started LoginApplicationTests in 10.951 seconds (process running for 13.411)
2025-04-03 10:48:17 - [SpringApplicationShutdownHook] - INFO - o.s.o.j.LocalContainerEntityManagerFactoryBean - Closing JPA EntityManagerFactory for persistence unit 'default'
2025-04-03 10:48:17 - [SpringApplicationShutdownHook] - INFO - com.zaxxer.hikari.HikariDataSource - HikariPool-1 - Shutdown initiated...
2025-04-03 10:48:17 - [SpringApplicationShutdownHook] - INFO - com.zaxxer.hikari.HikariDataSource - HikariPool-1 - Shutdown completed.
2025-04-03 12:40:35 - [main] - INFO - o.s.t.c.s.AnnotationConfigContextLoaderUtils - Could not detect default configuration classes for test class [com.buddhaditya.userauth.LoginApplicationTests]: LoginApplicationTests does not declare any static, non-private, non-final, nested classes annotated with @Configuration.
2025-04-03 12:40:36 - [main] - INFO - o.s.b.t.c.SpringBootTestContextBootstrapper - Found @SpringBootConfiguration com.buddhaditya.userauth.LoginApplication for test class com.buddhaditya.userauth.LoginApplicationTests
2025-04-03 12:40:36 - [main] - INFO - c.b.userauth.LoginApplicationTests - Starting LoginApplicationTests using Java 17.0.14 with PID 11584 (started by lenovo in C:\Users\lenovo\BuddhAditya\microservices\login)
2025-04-03 12:40:36 - [main] - DEBUG - c.b.userauth.LoginApplicationTests - Running with Spring Boot v3.4.4, Spring v6.2.5
2025-04-03 12:40:36 - [main] - INFO - c.b.userauth.LoginApplicationTests - No active profile set, falling back to 1 default profile: "default"
2025-04-03 12:40:38 - [main] - INFO - o.s.d.r.c.RepositoryConfigurationDelegate - Bootstrapping Spring Data JPA repositories in DEFAULT mode.
2025-04-03 12:40:38 - [main] - INFO - o.s.d.r.c.RepositoryConfigurationDelegate - Finished Spring Data repository scanning in 132 ms. Found 2 JPA repository interfaces.
2025-04-03 12:40:39 - [main] - INFO - o.h.jpa.internal.util.LogHelper - HHH000204: Processing PersistenceUnitInfo [name: default]
2025-04-03 12:40:39 - [main] - INFO - org.hibernate.Version - HHH000412: Hibernate ORM core version 6.6.11.Final
2025-04-03 12:40:40 - [main] - INFO - o.h.c.i.RegionFactoryInitiator - HHH000026: Second-level cache disabled
2025-04-03 12:40:40 - [main] - INFO - o.s.o.j.p.SpringPersistenceUnitInfo - No LoadTimeWeaver setup: ignoring JPA class transformer
2025-04-03 12:40:41 - [main] - INFO - com.zaxxer.hikari.HikariDataSource - HikariPool-1 - Starting...
2025-04-03 12:40:41 - [main] - INFO - com.zaxxer.hikari.pool.HikariPool - HikariPool-1 - Added connection com.mysql.cj.jdbc.ConnectionImpl@5256fbc
2025-04-03 12:40:41 - [main] - INFO - com.zaxxer.hikari.HikariDataSource - HikariPool-1 - Start completed.
2025-04-03 12:40:41 - [main] - WARN - org.hibernate.orm.deprecation - HHH90000025: MySQL8Dialect does not need to be specified explicitly using 'hibernate.dialect' (remove the property setting and it will be selected by default)
2025-04-03 12:40:41 - [main] - WARN - org.hibernate.orm.deprecation - HHH90000026: MySQL8Dialect has been deprecated; use org.hibernate.dialect.MySQLDialect instead
2025-04-03 12:40:41 - [main] - INFO - o.hibernate.orm.connections.pooling - HHH10001005: Database info:
	Database JDBC URL [Connecting through datasource 'HikariDataSource (HikariPool-1)']
	Database driver: undefined/unknown
	Database version: 8.0
	Autocommit mode: undefined/unknown
	Isolation level: undefined/unknown
	Minimum pool size: undefined/unknown
	Maximum pool size: undefined/unknown
2025-04-03 12:40:43 - [main] - INFO - o.h.e.t.j.p.i.JtaPlatformInitiator - HHH000489: No JTA platform available (set 'hibernate.transaction.jta.platform' to enable JTA platform integration)
2025-04-03 12:40:44 - [main] - INFO - o.s.o.j.LocalContainerEntityManagerFactoryBean - Initialized JPA EntityManagerFactory for persistence unit 'default'
2025-04-03 12:40:44 - [main] - INFO - c.b.userauth.utils.LoggerUtil - Initializing Password Encoder (BCrypt)
2025-04-03 12:40:45 - [main] - WARN - o.s.b.a.o.j.JpaBaseConfiguration$JpaWebConfiguration - spring.jpa.open-in-view is enabled by default. Therefore, database queries may be performed during view rendering. Explicitly configure spring.jpa.open-in-view to disable this warning
2025-04-03 12:40:45 - [main] - INFO - o.s.s.c.a.a.c.InitializeUserDetailsBeanManagerConfigurer$InitializeUserDetailsManagerConfigurer - Global AuthenticationManager configured with UserDetailsService bean with name customUserDetailsService
2025-04-03 12:40:45 - [main] - INFO - c.b.userauth.utils.LoggerUtil - Configuring security filter chain
2025-04-03 12:40:46 - [main] - INFO - c.b.userauth.LoginApplicationTests - Started LoginApplicationTests in 10.075 seconds (process running for 12.287)
2025-04-03 12:40:47 - [SpringApplicationShutdownHook] - INFO - o.s.o.j.LocalContainerEntityManagerFactoryBean - Closing JPA EntityManagerFactory for persistence unit 'default'
2025-04-03 12:40:47 - [SpringApplicationShutdownHook] - INFO - com.zaxxer.hikari.HikariDataSource - HikariPool-1 - Shutdown initiated...
2025-04-03 12:40:47 - [SpringApplicationShutdownHook] - INFO - com.zaxxer.hikari.HikariDataSource - HikariPool-1 - Shutdown completed.
2025-04-03 12:45:50 - [main] - INFO - o.s.t.c.s.AnnotationConfigContextLoaderUtils - Could not detect default configuration classes for test class [com.buddhaditya.userauth.LoginApplicationTests]: LoginApplicationTests does not declare any static, non-private, non-final, nested classes annotated with @Configuration.
2025-04-03 12:45:51 - [main] - INFO - o.s.b.t.c.SpringBootTestContextBootstrapper - Found @SpringBootConfiguration com.buddhaditya.userauth.LoginApplication for test class com.buddhaditya.userauth.LoginApplicationTests
2025-04-03 12:45:52 - [main] - INFO - c.b.userauth.LoginApplicationTests - Starting LoginApplicationTests using Java 17.0.14 with PID 4648 (started by lenovo in C:\Users\lenovo\BuddhAditya\microservices\login)
2025-04-03 12:45:52 - [main] - DEBUG - c.b.userauth.LoginApplicationTests - Running with Spring Boot v3.4.4, Spring v6.2.5
2025-04-03 12:45:52 - [main] - INFO - c.b.userauth.LoginApplicationTests - No active profile set, falling back to 1 default profile: "default"
2025-04-03 12:45:53 - [main] - INFO - o.s.d.r.c.RepositoryConfigurationDelegate - Bootstrapping Spring Data JPA repositories in DEFAULT mode.
2025-04-03 12:45:53 - [main] - INFO - o.s.d.r.c.RepositoryConfigurationDelegate - Finished Spring Data repository scanning in 127 ms. Found 2 JPA repository interfaces.
2025-04-03 12:45:54 - [main] - INFO - o.h.jpa.internal.util.LogHelper - HHH000204: Processing PersistenceUnitInfo [name: default]
2025-04-03 12:45:55 - [main] - INFO - org.hibernate.Version - HHH000412: Hibernate ORM core version 6.6.11.Final
2025-04-03 12:45:55 - [main] - INFO - o.h.c.i.RegionFactoryInitiator - HHH000026: Second-level cache disabled
2025-04-03 12:45:56 - [main] - INFO - o.s.o.j.p.SpringPersistenceUnitInfo - No LoadTimeWeaver setup: ignoring JPA class transformer
2025-04-03 12:45:56 - [main] - INFO - com.zaxxer.hikari.HikariDataSource - HikariPool-1 - Starting...
2025-04-03 12:45:56 - [main] - INFO - com.zaxxer.hikari.pool.HikariPool - HikariPool-1 - Added connection com.mysql.cj.jdbc.ConnectionImpl@35fb3209
2025-04-03 12:45:56 - [main] - INFO - com.zaxxer.hikari.HikariDataSource - HikariPool-1 - Start completed.
2025-04-03 12:45:56 - [main] - WARN - org.hibernate.orm.deprecation - HHH90000025: MySQL8Dialect does not need to be specified explicitly using 'hibernate.dialect' (remove the property setting and it will be selected by default)
2025-04-03 12:45:57 - [main] - WARN - org.hibernate.orm.deprecation - HHH90000026: MySQL8Dialect has been deprecated; use org.hibernate.dialect.MySQLDialect instead
2025-04-03 12:45:57 - [main] - INFO - o.hibernate.orm.connections.pooling - HHH10001005: Database info:
	Database JDBC URL [Connecting through datasource 'HikariDataSource (HikariPool-1)']
	Database driver: undefined/unknown
	Database version: 8.0
	Autocommit mode: undefined/unknown
	Isolation level: undefined/unknown
	Minimum pool size: undefined/unknown
	Maximum pool size: undefined/unknown
2025-04-03 12:45:59 - [main] - INFO - o.h.e.t.j.p.i.JtaPlatformInitiator - HHH000489: No JTA platform available (set 'hibernate.transaction.jta.platform' to enable JTA platform integration)
2025-04-03 12:45:59 - [main] - INFO - o.s.o.j.LocalContainerEntityManagerFactoryBean - Initialized JPA EntityManagerFactory for persistence unit 'default'
2025-04-03 12:46:00 - [main] - INFO - c.b.userauth.utils.LoggerUtil - Initializing Password Encoder (BCrypt)
2025-04-03 12:46:00 - [main] - WARN - o.s.b.a.o.j.JpaBaseConfiguration$JpaWebConfiguration - spring.jpa.open-in-view is enabled by default. Therefore, database queries may be performed during view rendering. Explicitly configure spring.jpa.open-in-view to disable this warning
2025-04-03 12:46:00 - [main] - INFO - o.s.s.c.a.a.c.InitializeUserDetailsBeanManagerConfigurer$InitializeUserDetailsManagerConfigurer - Global AuthenticationManager configured with UserDetailsService bean with name customUserDetailsService
2025-04-03 12:46:01 - [main] - INFO - c.b.userauth.utils.LoggerUtil - Configuring security filter chain
2025-04-03 12:46:01 - [main] - INFO - c.b.userauth.LoginApplicationTests - Started LoginApplicationTests in 10.416 seconds (process running for 12.748)
2025-04-03 12:46:03 - [SpringApplicationShutdownHook] - INFO - o.s.o.j.LocalContainerEntityManagerFactoryBean - Closing JPA EntityManagerFactory for persistence unit 'default'
2025-04-03 12:46:03 - [SpringApplicationShutdownHook] - INFO - com.zaxxer.hikari.HikariDataSource - HikariPool-1 - Shutdown initiated...
2025-04-03 12:46:03 - [SpringApplicationShutdownHook] - INFO - com.zaxxer.hikari.HikariDataSource - HikariPool-1 - Shutdown completed.
